[1721913949.053][INFO]: Starting ChromeDriver 127.0.6533.72 (9755e24ca85aa18ffa16c743f660a3d914902775-refs/branch-heads/6533@{#1760}) on port 6817
[1721913949.053][INFO]: Please see https://chromedriver.chromium.org/security-considerations for suggestions on keeping ChromeDriver safe.
[1721913949.330][INFO]: [e22f25c505e1737c21728b16efd67106] COMMAND InitSession {
   "capabilities": {
      "firstMatch": [ {
         "browserName": "chrome",
         "goog:chromeOptions": {
            "args": [ "--remote-allow-origins=*" ],
            "binary": "C:\\Program Files\\Google\\Chrome\\Application\\chrome.exe",
            "extensions": [  ]
         },
         "goog:loggingPrefs": {
            "browser": "ALL",
            "driver": "ALL"
         }
      } ]
   }
}
[1721913949.332][INFO]: Populating Preferences file: {
   "alternate_error_pages": {
      "enabled": false
   },
   "autofill": {
      "enabled": false
   },
   "browser": {
      "check_default_browser": false
   },
   "distribution": {
      "import_bookmarks": false,
      "import_history": false,
      "import_search_engine": false,
      "make_chrome_default_for_user": false,
      "skip_first_run_ui": true
   },
   "dns_prefetching": {
      "enabled": false
   },
   "profile": {
      "content_settings": {
         "pattern_pairs": {
            "https://*,*": {
               "media-stream": {
                  "audio": "Default",
                  "video": "Default"
               }
            }
         }
      },
      "default_content_setting_values": {
         "geolocation": 1
      },
      "default_content_settings": {
         "geolocation": 1,
         "mouselock": 1,
         "notifications": 1,
         "popups": 1,
         "ppapi-broker": 1
      },
      "password_manager_enabled": false
   },
   "safebrowsing": {
      "enabled": false
   },
   "search": {
      "suggest_enabled": false
   },
   "translate": {
      "enabled": false
   }
}
[1721913949.334][INFO]: Populating Local State file: {
   "background_mode": {
      "enabled": false
   },
   "ssl": {
      "rev_checking": {
         "enabled": false
      }
   }
}
[1721913949.337][INFO]: ChromeDriver supports communication with Chrome via pipes. This is more reliable and more secure.
[1721913949.337][INFO]: Use the --remote-debugging-pipe Chrome switch instead of the default --remote-debugging-port to enable this communication mode.
[1721913949.339][INFO]: Launching chrome: "C:\Program Files\Google\Chrome\Application\chrome.exe" --allow-pre-commit-input --disable-background-networking --disable-backgrounding-occluded-windows --disable-client-side-phishing-detection --disable-default-apps --disable-hang-monitor --disable-popup-blocking --disable-prompt-on-repost --disable-sync --enable-automation --enable-logging --log-level=0 --no-first-run --no-service-autorun --password-store=basic --remote-allow-origins=* --remote-debugging-port=0 --test-type=webdriver --use-mock-keychain --user-data-dir="C:\Users\suraj sahu\AppData\Local\Temp\scoped_dir20084_1975794983" data:,
[1721913950.209][INFO]: resolved localhost to ["::1","127.0.0.1"]
[1721913950.229][INFO]: [e22f25c505e1737c21728b16efd67106] RESPONSE InitSession {
   "capabilities": {
      "acceptInsecureCerts": false,
      "browserName": "chrome",
      "browserVersion": "127.0.6533.72",
      "chrome": {
         "chromedriverVersion": "127.0.6533.72 (9755e24ca85aa18ffa16c743f660a3d914902775-refs/branch-heads/6533@{#1760})",
         "userDataDir": "C:\\Users\\suraj sahu\\AppData\\Local\\Temp\\scoped_dir20084_1975794983"
      },
      "fedcm:accounts": true,
      "goog:chromeOptions": {
         "debuggerAddress": "localhost:64597"
      },
      "networkConnectionEnabled": false,
      "pageLoadStrategy": "normal",
      "platformName": "windows",
      "proxy": {
      },
      "setWindowRect": true,
      "strictFileInteractability": false,
      "timeouts": {
         "implicit": 0,
         "pageLoad": 300000,
         "script": 30000
      },
      "unhandledPromptBehavior": "dismiss and notify",
      "webauthn:extension:credBlob": true,
      "webauthn:extension:largeBlob": true,
      "webauthn:extension:minPinLength": true,
      "webauthn:extension:prf": true,
      "webauthn:virtualAuthenticators": true
   },
   "sessionId": "e22f25c505e1737c21728b16efd67106"
}
[1721913950.479][INFO]: [e22f25c505e1737c21728b16efd67106] COMMAND MaximizeWindow {
}
[1721913950.479][INFO]: Waiting for pending navigations...
[1721913950.484][INFO]: Done waiting for pending navigations. Status: ok
[1721913950.530][INFO]: Waiting for pending navigations...
[1721913950.532][INFO]: Done waiting for pending navigations. Status: ok
[1721913950.532][INFO]: [e22f25c505e1737c21728b16efd67106] RESPONSE MaximizeWindow {
   "height": 832,
   "width": 1552,
   "x": -8,
   "y": -8
}
[1721913950.583][INFO]: [e22f25c505e1737c21728b16efd67106] COMMAND SetTimeouts {
   "implicit": 30000
}
[1721913950.583][INFO]: [e22f25c505e1737c21728b16efd67106] RESPONSE SetTimeouts
[1721913950.591][INFO]: [e22f25c505e1737c21728b16efd67106] COMMAND SetTimeouts {
   "pageLoad": 30000
}
[1721913950.591][INFO]: [e22f25c505e1737c21728b16efd67106] RESPONSE SetTimeouts
[1721913950.611][INFO]: [e22f25c505e1737c21728b16efd67106] COMMAND GetUrl {
}
[1721913950.611][INFO]: Waiting for pending navigations...
[1721913950.613][INFO]: Done waiting for pending navigations. Status: ok
[1721913950.622][INFO]: Waiting for pending navigations...
[1721913950.624][INFO]: Done waiting for pending navigations. Status: ok
[1721913950.624][INFO]: [e22f25c505e1737c21728b16efd67106] RESPONSE GetUrl "data:,"
[1721913950.630][INFO]: [e22f25c505e1737c21728b16efd67106] COMMAND Navigate {
   "url": "https://docs.google.com/forms/d/e/1FAIpQLSep9LTMntH5YqIXa5nkiPKSs283kdwitBBhXWyZdAS-e4CxBQ/viewform"
}
[1721913950.630][INFO]: Waiting for pending navigations...
[1721913950.631][INFO]: Done waiting for pending navigations. Status: ok
[1721913951.253][INFO]: Waiting for pending navigations...
[1721913952.081][INFO]: Done waiting for pending navigations. Status: ok
[1721913952.081][INFO]: [e22f25c505e1737c21728b16efd67106] RESPONSE Navigate
[1721913952.138][INFO]: [e22f25c505e1737c21728b16efd67106] COMMAND FindElement {
   "using": "xpath",
   "value": "//*[@id='mG61Hd']/div[2]/div/div[2]/div[1]/div/div/div[2]/div/div[1]/div/div[1]/input"
}
[1721913952.138][INFO]: Waiting for pending navigations...
[1721913952.176][INFO]: Done waiting for pending navigations. Status: ok
[1721913952.247][INFO]: Waiting for pending navigations...
[1721913952.252][INFO]: Done waiting for pending navigations. Status: ok
[1721913952.252][INFO]: [e22f25c505e1737c21728b16efd67106] RESPONSE FindElement {
   "element-6066-11e4-a52e-4f735466cecf": "f.D69CC569C3E1D13D9D0FC62352882116.d.2BCBE44AB56B0F59EFA6FAD2E8A08901.e.7"
}
[1721913952.280][INFO]: [e22f25c505e1737c21728b16efd67106] COMMAND ExecuteScript {
   "args": [ {
      "element-6066-11e4-a52e-4f735466cecf": "f.D69CC569C3E1D13D9D0FC62352882116.d.2BCBE44AB56B0F59EFA6FAD2E8A08901.e.7"
   } ],
   "script": "/* isDisplayed */return (function(){return (function(){var g=this||self;\nfunction aa(a){var b=typeof a;if(\"object\"==b)if(a){if(a instanceof Array)return\"array\";if(a instanceof Object)return b;var c=Object.prototype.toString.call(a);if(\"[object Window]\"==c)return\"object\";if(\"[object Array]\"==c||\"number\"==typeof a.length&&\"undefined\"!=typeof a.splice&&\"undefined\"!=typeof a.propertyIsEnumerable&&!a.propertyIsEnumerable(\"splice\"))return\"array\";if(\"[object Function]\"==c||\"undefined\"!=typeof a.call&&\"undefined\"!=typeof a.propertyIsEnumerable&&!a.propertyIsEnumerable(\"call\"))return\"function\"}else return\"null\";else if(\"function\"==\nb&&\"undefined\"==typeof a.call)return\"object\";return b}function ca(a,b){function c(){}c.prototype=b.prototype;a.prototype=new c;a.prototype.constructor=a};var da=Array.prototype.indexOf?function(a,b){return Array.prototype.indexOf.call(a,b,void 0)}:function(a,b){if(\"string\"===typeof a)return\"string\"!==typeof b||1!=b.length?-1:a.indexOf(b,0);for(var c=0;c\u003Ca.length;c++)if(c in a&&a[c]===b)return c;return-1},ea=Array.prototype.some?function(a,b){return Array.prototype.some.call(a,b,void 0)}:function(a,b){for(var c=a.length,e=\"string\"===typeof a?a.split(\"\"):a,d=0;d\u003Cc;d++)if(d in e&&b.call(void 0,e[d],d,a))return!0;return!1},fa=Array.prototype.every?function(a,\nb){return Array.prototype.every.call(a,b,void 0)}:function(a,b){for(var c=a.length,e=\"string\"===typeof a?a.split(\"\"):a,d=0;d\u003Cc;d++)if(d in e&&!b.call(void 0,e[d],d,a))return!1;return!0};var ha={aliceblue:\"#f0f8ff\",antiquewhite:\"#faebd7\",aqua:\"#00ffff\",aquamarine:\"#7fffd4\",azure:\"#f0ffff\",beige:\"#f5f5dc\",bisque:\"#ffe4c4\",black:\"#000000\",blanchedalmond:\"#ffebcd\",blue:\"#0000ff\",blueviolet:\"#8a2be2\",brown:\"#a52a2a\",burlywood:\"#deb887\",cadetblue:\"#5f9ea0\",chartreuse:\"#7fff00\",chocolate:\"#d2691e\",coral:\"#ff7f50\",cornflowerblue:\"#6495ed\",cornsilk:\"#fff8dc\",crimson:\"#dc143c\",cyan:\"#00ffff\",darkblue:\"#00008b\",darkcyan:\"#008b8b\",darkgoldenrod:\"#b8860b\",darkgray:\"#a9a9a9\",darkgreen:\"#006400\",\ndarkgrey:\"#a9a9a9\",darkkhaki:\"#bdb76b\",darkmagenta:\"#8b008b\",darkolivegreen:\"#556b2f\",darkorange:\"#ff8c00\",darkorchid:\"#9932cc\",darkred:\"#8b0000\",darksalmon:\"#e9967a\",darkseagreen:\"#8fbc8f\",darkslateblue:\"#483d8b\",darkslategray:\"#2f4f4f\",darkslategrey:\"#2f4f4f\",darkturquoise:\"#00ced1\",darkviolet:\"#9400d3\",deeppink:\"#ff1493\",deepskyblue:\"#00bfff\",dimgray:\"#696969\",dimgrey:\"#696969\",dodgerblue:\"#1e90ff\",firebrick:\"#b22222\",floralwhite:\"#fffaf0\",forestgreen:\"#228b22\",fuchsia:\"#ff00ff\",gainsboro:\"#dcdcdc\",\nghostwhite:\"#f8f8ff\",gold:\"#ffd700\",goldenrod:\"#daa520\",gray:\"#808080\",green:\"#008000\",greenyellow:\"#adff2f\",grey:\"#808080\",honeydew:\"#f0fff0\",hotpink:\"#ff69b4\",indianred:\"#cd5c5c\",indigo:\"#4b0082\",ivory:\"#fffff0\",khaki:\"#f0e68c\",lavender:\"#e6e6fa\",lavenderblush:\"#fff0f5\",lawngreen:\"#7cfc00\",lemonchiffon:\"#fffacd\",lightblue:\"#add8e6\",lightcoral:\"#f08080\",lightcyan:\"#e0ffff\",lightgoldenrodyellow:\"#fafad2\",lightgray:\"#d3d3d3\",lightgreen:\"#90ee90\",lightgrey:\"#d3d3d3\",lightpink:\"#ffb6c1\",lightsalmon:\"#ffa07a\",\nlightseagreen:\"#20b2aa\",lightskyblue:\"#87cefa\",lightslategray:\"#778899\",lightslategrey:\"#778899\",lightsteelblue:\"#b0c4de\",lightyellow:\"#ffffe0\",lime:\"#00ff00\",limegreen:\"#32cd32\",linen:\"#faf0e6\",magenta:\"#ff00ff\",maroon:\"#800000\",mediumaquamarine:\"#66cdaa\",mediumblue:\"#0000cd\",mediumorchid:\"#ba55d3\",mediumpurple:\"#9370db\",mediumseagreen:\"#3cb371\",mediumslateblue:\"#7b68ee\",mediumspringgreen:\"#00fa9a\",mediumturquoise:\"#48d1cc\",mediumvioletred:\"#c71585\",midnightblue:\"#191970\",mintcream:\"#f5fffa\",mistyrose:\"#ffe4e1\",\nmoccasin:\"#ffe4b5\",navajowhite:\"#ffdead\",navy:\"#000080\",oldlace:\"#fdf5e6\",olive:\"#808000\",olivedrab:\"#6b8e23\",orange:\"#ffa500\",orangered:\"#ff4500\",orchid:\"#da70d6\",palegoldenrod:\"#eee8aa\",palegreen:\"#98fb98\",paleturquoise:\"#afeeee\",palevioletred:\"#db7093\",papayawhip:\"#ffefd5\",peachpuff:\"#ffdab9\",peru:\"#cd853f\",pink:\"#ffc0cb\",plum:\"#dda0dd\",powderblue:\"#b0e0e6\",purple:\"#800080\",red:\"#ff0000\",rosybrown:\"#bc8f8f\",royalblue:\"#4169e1\",saddlebrown:\"#8b4513\",salmon:\"#fa8072\",sandybrown:\"#f4a460\",seagreen:\"#2e8b57\",\nseashell:\"#fff5ee\",sienna:\"#a0522d\",silver:\"#c0c0c0\",skyblue:\"#87ceeb\",slateblue:\"#6a5acd\",slategray:\"#708090\",slategrey:\"#708090\",snow:\"#fffafa\",springgreen:\"#00ff7f\",steelblue:\"#4682b4\",tan:\"#d2b48c\",teal:\"#008080\",thistle:\"#d8bfd8\",tomato:\"#ff6347\",turquoise:\"#40e0d0\",violet:\"#ee82ee\",wheat:\"#f5deb3\",white:\"#ffffff\",whitesmoke:\"#f5f5f5\",yellow:\"#ffff00\",yellowgreen:\"#9acd32\"};var ia=\"backgroundColor borderTopColor borderRightColor borderBottomColor borderLeftColor color outlineColor\".split(\" \"),ja=/#([0-9a-fA-F])([0-9a-fA-F])([0-9a-fA-F])/,ka=/^#(?:[0-9a-f]{3}){1,2}$/i,la=/^(?:rgba)?\\((\\d{1,3}),\\s?(\\d{1,3}),\\s?(\\d{1,3}),\\s?(0|1|0\\.\\d*)\\)$/i,ma=/^(?:rgb)?\\((0|[1-9]\\d{0,2}),\\s?(0|[1-9]\\d{0,2}),\\s?(0|[1-9]\\d{0,2})\\)$/i;function m(a,b){this.code=a;this.a=p[a]||r;this.message=b||\"\";a=this.a.replace(/((?:^|\\s+)[a-z])/g,function(c){return c.toUpperCase().replace(/^[\\s\\xa0]+/g,\"\")});b=a.length-5;if(0>b||a.indexOf(\"Error\",b)!=b)a+=\"Error\";this.name=a;a=Error(this.message);a.name=this.name;this.stack=a.stack||\"\"}ca(m,Error);var r=\"unknown error\",p={15:\"element not selectable\",11:\"element not visible\"};p[31]=r;p[30]=r;p[24]=\"invalid cookie domain\";p[29]=\"invalid element coordinates\";p[12]=\"invalid element state\";\np[32]=\"invalid selector\";p[51]=\"invalid selector\";p[52]=\"invalid selector\";p[17]=\"javascript error\";p[405]=\"unsupported operation\";p[34]=\"move target out of bounds\";p[27]=\"no such alert\";p[7]=\"no such element\";p[8]=\"no such frame\";p[23]=\"no such window\";p[28]=\"script timeout\";p[33]=\"session not created\";p[10]=\"stale element reference\";p[21]=\"timeout\";p[25]=\"unable to set cookie\";p[26]=\"unexpected alert open\";p[13]=r;p[9]=\"unknown command\";var u=String.prototype.trim?function(a){return a.trim()}:function(a){return/^[\\s\\xa0]*([\\s\\S]*?)[\\s\\xa0]*$/.exec(a)[1]};\nfunction na(a,b){var c=0;a=u(String(a)).split(\".\");b=u(String(b)).split(\".\");for(var e=Math.max(a.length,b.length),d=0;0==c&&d\u003Ce;d++){var f=a[d]||\"\",h=b[d]||\"\";do{f=/(\\d*)(\\D*)(.*)/.exec(f)||[\"\",\"\",\"\",\"\"];h=/(\\d*)(\\D*)(.*)/.exec(h)||[\"\",\"\",\"\",\"\"];if(0==f[0].length&&0==h[0].length)break;c=v(0==f[1].length?0:parseInt(f[1],10),0==h[1].length?0:parseInt(h[1],10))||v(0==f[2].length,0==h[2].length)||v(f[2],h[2]);f=f[3];h=h[3]}while(0==c)}return c}function v(a,b){return a\u003Cb?-1:a>b?1:0};var w;a:{var oa=g.navigator;if(oa){var sa=oa.userAgent;if(sa){w=sa;break a}}w=\"\"}function x(a){return-1!=w.indexOf(a)};function y(){return x(\"Firefox\")||x(\"FxiOS\")}function A(){return(x(\"Chrome\")||x(\"CriOS\"))&&!x(\"Edge\")};function ta(a){return String(a).replace(/\\-([a-z])/g,function(b,c){return c.toUpperCase()})};function B(){return x(\"iPhone\")&&!x(\"iPod\")&&!x(\"iPad\")};function ua(a,b){var c=va;return Object.prototype.hasOwnProperty.call(c,a)?c[a]:c[a]=b(a)};var wa=x(\"Opera\"),C=x(\"Trident\")||x(\"MSIE\"),xa=x(\"Edge\"),ya=x(\"Gecko\")&&!(-1!=w.toLowerCase().indexOf(\"webkit\")&&!x(\"Edge\"))&&!(x(\"Trident\")||x(\"MSIE\"))&&!x(\"Edge\"),za=-1!=w.toLowerCase().indexOf(\"webkit\")&&!x(\"Edge\");function Aa(){var a=g.document;return a?a.documentMode:void 0}var E;\na:{var F=\"\",G=function(){var a=w;if(ya)return/rv:([^\\);]+)(\\)|;)/.exec(a);if(xa)return/Edge\\/([\\d\\.]+)/.exec(a);if(C)return/\\b(?:MSIE|rv)[: ]([^\\);]+)(\\)|;)/.exec(a);if(za)return/WebKit\\/(\\S+)/.exec(a);if(wa)return/(?:Version)[ \\/]?(\\S+)/.exec(a)}();G&&(F=G?G[1]:\"\");if(C){var H=Aa();if(null!=H&&H>parseFloat(F)){E=String(H);break a}}E=F}var va={};function Ba(a){return ua(a,function(){return 0\u003C=na(E,a)})}var I;I=g.document&&C?Aa():void 0;var Ca=y(),Da=B()||x(\"iPod\"),Ea=x(\"iPad\"),Fa=x(\"Android\")&&!(A()||y()||x(\"Opera\")||x(\"Silk\")),Ga=A(),Ha=x(\"Safari\")&&!(A()||x(\"Coast\")||x(\"Opera\")||x(\"Edge\")||x(\"Edg/\")||x(\"OPR\")||y()||x(\"Silk\")||x(\"Android\"))&&!(B()||x(\"iPad\")||x(\"iPod\"));function J(a){return(a=a.exec(w))?a[1]:\"\"}(function(){if(Ca)return J(/Firefox\\/([0-9.]+)/);if(C||xa||wa)return E;if(Ga)return B()||x(\"iPad\")||x(\"iPod\")?J(/CriOS\\/([0-9.]+)/):J(/Chrome\\/([0-9.]+)/);if(Ha&&!(B()||x(\"iPad\")||x(\"iPod\")))return J(/Version\\/([0-9.]+)/);if(Da||Ea){var a=/Version\\/(\\S+).*Mobile\\/(\\S+)/.exec(w);if(a)return a[1]+\".\"+a[2]}else if(Fa)return(a=J(/Android\\s+([0-9.]+)/))?a:J(/Version\\/([0-9.]+)/);return\"\"})();var K;if(K=C)K=!(9\u003C=Number(I));var Ia=K;function L(a,b){this.x=void 0!==a?a:0;this.y=void 0!==b?b:0}L.prototype.ceil=function(){this.x=Math.ceil(this.x);this.y=Math.ceil(this.y);return this};L.prototype.floor=function(){this.x=Math.floor(this.x);this.y=Math.floor(this.y);return this};L.prototype.round=function(){this.x=Math.round(this.x);this.y=Math.round(this.y);return this};function M(a,b){this.width=a;this.height=b}M.prototype.aspectRatio=function(){return this.width/this.height};M.prototype.ceil=function(){this.width=Math.ceil(this.width);this.height=Math.ceil(this.height);return this};M.prototype.floor=function(){this.width=Math.floor(this.width);this.height=Math.floor(this.height);return this};M.prototype.round=function(){this.width=Math.round(this.width);this.height=Math.round(this.height);return this};function N(a){return 9==a.nodeType?a:a.ownerDocument||a.document}function Ja(a,b){a&&(a=a.parentNode);for(var c=0;a;){if(b(a))return a;a=a.parentNode;c++}return null}function Ka(a){this.a=a||g.document||document};function P(a,b){b&&\"string\"!==typeof b&&(b=b.toString());return!!a&&1==a.nodeType&&(!b||a.tagName.toUpperCase()==b)};function Q(a,b,c,e){this.f=a;this.a=b;this.b=c;this.c=e}Q.prototype.ceil=function(){this.f=Math.ceil(this.f);this.a=Math.ceil(this.a);this.b=Math.ceil(this.b);this.c=Math.ceil(this.c);return this};Q.prototype.floor=function(){this.f=Math.floor(this.f);this.a=Math.floor(this.a);this.b=Math.floor(this.b);this.c=Math.floor(this.c);return this};Q.prototype.round=function(){this.f=Math.round(this.f);this.a=Math.round(this.a);this.b=Math.round(this.b);this.c=Math.round(this.c);return this};function R(a,b,c,e){this.a=a;this.b=b;this.width=c;this.height=e}R.prototype.ceil=function(){this.a=Math.ceil(this.a);this.b=Math.ceil(this.b);this.width=Math.ceil(this.width);this.height=Math.ceil(this.height);return this};R.prototype.floor=function(){this.a=Math.floor(this.a);this.b=Math.floor(this.b);this.width=Math.floor(this.width);this.height=Math.floor(this.height);return this};\nR.prototype.round=function(){this.a=Math.round(this.a);this.b=Math.round(this.b);this.width=Math.round(this.width);this.height=Math.round(this.height);return this};var La=\"function\"===typeof ShadowRoot;function S(a){for(a=a.parentNode;a&&1!=a.nodeType&&9!=a.nodeType&&11!=a.nodeType;)a=a.parentNode;return P(a)?a:null}\nfunction T(a,b){b=ta(b);if(\"float\"==b||\"cssFloat\"==b||\"styleFloat\"==b)b=Ia?\"styleFloat\":\"cssFloat\";a:{var c=b;var e=N(a);if(e.defaultView&&e.defaultView.getComputedStyle&&(e=e.defaultView.getComputedStyle(a,null))){c=e[c]||e.getPropertyValue(c)||\"\";break a}c=\"\"}a=c||Ma(a,b);if(null===a)a=null;else if(0\u003C=da(ia,b)){b:{var d=a.match(la);if(d&&(b=Number(d[1]),c=Number(d[2]),e=Number(d[3]),d=Number(d[4]),0\u003C=b&&255>=b&&0\u003C=c&&255>=c&&0\u003C=e&&255>=e&&0\u003C=d&&1>=d)){b=[b,c,e,d];break b}b=null}if(!b)b:{if(e=a.match(ma))if(b=\nNumber(e[1]),c=Number(e[2]),e=Number(e[3]),0\u003C=b&&255>=b&&0\u003C=c&&255>=c&&0\u003C=e&&255>=e){b=[b,c,e,1];break b}b=null}if(!b)b:{b=a.toLowerCase();c=ha[b.toLowerCase()];if(!c&&(c=\"#\"==b.charAt(0)?b:\"#\"+b,4==c.length&&(c=c.replace(ja,\"#$1$1$2$2$3$3\")),!ka.test(c))){b=null;break b}b=[parseInt(c.substr(1,2),16),parseInt(c.substr(3,2),16),parseInt(c.substr(5,2),16),1]}a=b?\"rgba(\"+b.join(\", \")+\")\":a}return a}\nfunction Ma(a,b){var c=a.currentStyle||a.style,e=c[b];void 0===e&&\"function\"==aa(c.getPropertyValue)&&(e=c.getPropertyValue(b));return\"inherit\"!=e?void 0!==e?e:null:(a=S(a))?Ma(a,b):null}\nfunction U(a,b,c){function e(h){var n=V(h);return 0\u003Cn.height&&0\u003Cn.width?!0:P(h,\"PATH\")&&(0\u003Cn.height||0\u003Cn.width)?(h=T(h,\"stroke-width\"),!!h&&0\u003CparseInt(h,10)):\"hidden\"!=T(h,\"overflow\")&&ea(h.childNodes,function(D){return 3==D.nodeType||P(D)&&e(D)})}function d(h){return Na(h)==W&&fa(h.childNodes,function(n){return!P(n)||d(n)||!e(n)})}if(!P(a))throw Error(\"Argument to isShown must be of type Element\");if(P(a,\"BODY\"))return!0;if(P(a,\"OPTION\")||P(a,\"OPTGROUP\"))return a=Ja(a,function(h){return P(h,\"SELECT\")}),\n!!a&&U(a,!0,c);var f=Oa(a);if(f)return!!f.image&&0\u003Cf.rect.width&&0\u003Cf.rect.height&&U(f.image,b,c);if(P(a,\"INPUT\")&&\"hidden\"==a.type.toLowerCase()||P(a,\"NOSCRIPT\"))return!1;f=T(a,\"visibility\");return\"collapse\"!=f&&\"hidden\"!=f&&c(a)&&(b||0!=Pa(a))&&e(a)?!d(a):!1}var W=\"hidden\";\nfunction Na(a){function b(k){function l(ba){if(ba==h)return!0;var pa=T(ba,\"display\");return 0==pa.lastIndexOf(\"inline\",0)||\"contents\"==pa||\"absolute\"==qa&&\"static\"==T(ba,\"position\")?!1:!0}var qa=T(k,\"position\");if(\"fixed\"==qa)return ra=!0,k==h?null:h;for(k=S(k);k&&!l(k);)k=S(k);return k}function c(k){var l=k;if(\"visible\"==D)if(k==h&&n)l=n;else if(k==n)return{x:\"visible\",y:\"visible\"};l={x:T(l,\"overflow-x\"),y:T(l,\"overflow-y\")};k==h&&(l.x=\"visible\"==l.x?\"auto\":l.x,l.y=\"visible\"==l.y?\"auto\":l.y);return l}\nfunction e(k){if(k==h){var l=(new Ka(f)).a;k=l.scrollingElement?l.scrollingElement:za||\"CSS1Compat\"!=l.compatMode?l.body||l.documentElement:l.documentElement;l=l.parentWindow||l.defaultView;k=C&&Ba(\"10\")&&l.pageYOffset!=k.scrollTop?new L(k.scrollLeft,k.scrollTop):new L(l.pageXOffset||k.scrollLeft,l.pageYOffset||k.scrollTop)}else k=new L(k.scrollLeft,k.scrollTop);return k}var d=Qa(a),f=N(a),h=f.documentElement,n=f.body,D=T(h,\"overflow\"),ra;for(a=b(a);a;a=b(a)){var q=c(a);if(\"visible\"!=q.x||\"visible\"!=\nq.y){var t=V(a);if(0==t.width||0==t.height)return W;var z=d.a\u003Ct.a,O=d.b\u003Ct.b;if(z&&\"hidden\"==q.x||O&&\"hidden\"==q.y)return W;if(z&&\"visible\"!=q.x||O&&\"visible\"!=q.y){z=e(a);O=d.b\u003Ct.b-z.y;if(d.a\u003Ct.a-z.x&&\"visible\"!=q.x||O&&\"visible\"!=q.x)return W;d=Na(a);return d==W?W:\"scroll\"}z=d.c>=t.a+t.width;t=d.f>=t.b+t.height;if(z&&\"hidden\"==q.x||t&&\"hidden\"==q.y)return W;if(z&&\"visible\"!=q.x||t&&\"visible\"!=q.y){if(ra&&(q=e(a),d.c>=h.scrollWidth-q.x||d.a>=h.scrollHeight-q.y))return W;d=Na(a);return d==W?W:\"scroll\"}}}return\"none\"}\nfunction V(a){var b=Oa(a);if(b)return b.rect;if(P(a,\"HTML\"))return a=N(a),a=((a?a.parentWindow||a.defaultView:window)||window).document,a=\"CSS1Compat\"==a.compatMode?a.documentElement:a.body,a=new M(a.clientWidth,a.clientHeight),new R(0,0,a.width,a.height);try{var c=a.getBoundingClientRect()}catch(e){return new R(0,0,0,0)}b=new R(c.left,c.top,c.right-c.left,c.bottom-c.top);C&&a.ownerDocument.body&&(a=N(a),b.a-=a.documentElement.clientLeft+a.body.clientLeft,b.b-=a.documentElement.clientTop+a.body.clientTop);\nreturn b}\nfunction Oa(a){var b=P(a,\"MAP\");if(!b&&!P(a,\"AREA\"))return null;var c=b?a:P(a.parentNode,\"MAP\")?a.parentNode:null,e=null,d=null;if(c&&c.name){e='*[usemap=\"#'+c.name+'\"]';c=N(c);var f;if(f=\"function\"!=aa(c.querySelector)&&C&&(C?0\u003C=na(I,8):Ba(8))){f=c.querySelector;var h=typeof f;f=!(\"object\"==h&&null!=f||\"function\"==h)}if(f)throw Error(\"CSS selection is not supported\");if(!e)throw new m(32,\"No selector specified\");e=u(e);try{var n=c.querySelector(e)}catch(D){throw new m(32,\"An invalid or illegal selector was specified\");}if(e=\nn&&1==n.nodeType?n:null)d=V(e),b||\"default\"==a.shape.toLowerCase()||(a=Ra(a),b=Math.min(Math.max(a.a,0),d.width),n=Math.min(Math.max(a.b,0),d.height),d=new R(b+d.a,n+d.b,Math.min(a.width,d.width-b),Math.min(a.height,d.height-n)))}return{image:e,rect:d||new R(0,0,0,0)}}\nfunction Ra(a){var b=a.shape.toLowerCase();a=a.coords.split(\",\");if(\"rect\"==b&&4==a.length){b=a[0];var c=a[1];return new R(b,c,a[2]-b,a[3]-c)}if(\"circle\"==b&&3==a.length)return b=a[2],new R(a[0]-b,a[1]-b,2*b,2*b);if(\"poly\"==b&&2\u003Ca.length){b=a[0];c=a[1];for(var e=b,d=c,f=2;f+1\u003Ca.length;f+=2)b=Math.min(b,a[f]),e=Math.max(e,a[f]),c=Math.min(c,a[f+1]),d=Math.max(d,a[f+1]);return new R(b,c,e-b,d-c)}return new R(0,0,0,0)}function Qa(a){a=V(a);return new Q(a.b,a.a+a.width,a.b+a.height,a.a)}\nfunction Pa(a){if(Ia){if(\"relative\"==T(a,\"position\"))return 1;a=T(a,\"filter\");return(a=a.match(/^alpha\\(opacity=(\\d*)\\)/)||a.match(/^progid:DXImageTransform.Microsoft.Alpha\\(Opacity=(\\d*)\\)/))?Number(a[1])/100:1}return Sa(a)}function Sa(a){var b=1,c=T(a,\"opacity\");c&&(b=Number(c));(a=S(a))&&(b*=Sa(a));return b};function Ta(a,b){function c(e){if(P(e)&&\"none\"==T(e,\"display\"))return!1;var d;if((d=e.parentNode)&&d.shadowRoot&&void 0!==e.assignedSlot)d=e.assignedSlot?e.assignedSlot.parentNode:null;else if(e.getDestinationInsertionPoints){var f=e.getDestinationInsertionPoints();0\u003Cf.length&&(d=f[f.length-1])}if(La&&d instanceof ShadowRoot){if(d.host.shadowRoot&&d.host.shadowRoot!==d)return!1;d=d.host}return!d||9!=d.nodeType&&11!=d.nodeType?d&&P(d,\"DETAILS\")&&!d.open&&!P(e,\"SUMMARY\")?!1:!!d&&c(d):!0}return U(a,\n!!b,c)}var X=[\"_\"],Y=g;X[0]in Y||\"undefined\"==typeof Y.execScript||Y.execScript(\"var \"+X[0]);for(var Z;X.length&&(Z=X.shift());)X.length||void 0===Ta?Y[Z]&&Y[Z]!==Object.prototype[Z]?Y=Y[Z]:Y=Y[Z]={}:Y[Z]=Ta;; return this._.apply(null,arguments);}).apply({navigator:typeof window!='undefined'?window.navigator:null,document:typeof window!='undefined'?window.document:null}, arguments);}\n).apply(null, arguments);"
}
[1721913952.281][INFO]: Waiting for pending navigations...
[1721913952.575][INFO]: Done waiting for pending navigations. Status: ok
[1721913952.600][INFO]: Waiting for pending navigations...
[1721913952.602][INFO]: Done waiting for pending navigations. Status: ok
[1721913952.602][INFO]: [e22f25c505e1737c21728b16efd67106] RESPONSE ExecuteScript true
[1721913952.608][INFO]: [e22f25c505e1737c21728b16efd67106] COMMAND FindElement {
   "using": "xpath",
   "value": "//*[@id='mG61Hd']/div[2]/div/div[2]/div[1]/div/div/div[2]/div/div[1]/div/div[1]/input"
}
[1721913952.608][INFO]: Waiting for pending navigations...
[1721913952.609][INFO]: Done waiting for pending navigations. Status: ok
[1721913952.623][INFO]: Waiting for pending navigations...
[1721913952.625][INFO]: Done waiting for pending navigations. Status: ok
[1721913952.625][INFO]: [e22f25c505e1737c21728b16efd67106] RESPONSE FindElement {
   "element-6066-11e4-a52e-4f735466cecf": "f.D69CC569C3E1D13D9D0FC62352882116.d.2BCBE44AB56B0F59EFA6FAD2E8A08901.e.7"
}
[1721913952.632][INFO]: [e22f25c505e1737c21728b16efd67106] COMMAND IsElementEnabled {
   "id": "f.D69CC569C3E1D13D9D0FC62352882116.d.2BCBE44AB56B0F59EFA6FAD2E8A08901.e.7"
}
[1721913952.632][INFO]: Waiting for pending navigations...
[1721913952.634][INFO]: Done waiting for pending navigations. Status: ok
[1721913952.652][INFO]: Waiting for pending navigations...
[1721913952.653][INFO]: Done waiting for pending navigations. Status: ok
[1721913952.653][INFO]: [e22f25c505e1737c21728b16efd67106] RESPONSE IsElementEnabled true
[1721913952.659][INFO]: [e22f25c505e1737c21728b16efd67106] COMMAND FindElement {
   "using": "xpath",
   "value": "//*[@id='mG61Hd']/div[2]/div/div[2]/div[1]/div/div/div[2]/div/div[1]/div/div[1]/input"
}
[1721913952.659][INFO]: Waiting for pending navigations...
[1721913952.660][INFO]: Done waiting for pending navigations. Status: ok
[1721913952.673][INFO]: Waiting for pending navigations...
[1721913952.676][INFO]: Done waiting for pending navigations. Status: ok
[1721913952.676][INFO]: [e22f25c505e1737c21728b16efd67106] RESPONSE FindElement {
   "element-6066-11e4-a52e-4f735466cecf": "f.D69CC569C3E1D13D9D0FC62352882116.d.2BCBE44AB56B0F59EFA6FAD2E8A08901.e.7"
}
[1721913952.688][INFO]: [e22f25c505e1737c21728b16efd67106] COMMAND TypeElement {
   "id": "f.D69CC569C3E1D13D9D0FC62352882116.d.2BCBE44AB56B0F59EFA6FAD2E8A08901.e.7",
   "text": "Crio Learner",
   "value": [ "C", "r", "i", "o", " ", "L", "e", "a", "r", "n", "e", "r" ]
}
[1721913952.688][INFO]: Waiting for pending navigations...
[1721913952.689][INFO]: Done waiting for pending navigations. Status: ok
[1721913952.867][INFO]: Waiting for pending navigations...
[1721913952.872][INFO]: Done waiting for pending navigations. Status: ok
[1721913952.872][INFO]: [e22f25c505e1737c21728b16efd67106] RESPONSE TypeElement
[1721913952.880][INFO]: [e22f25c505e1737c21728b16efd67106] COMMAND FindElement {
   "using": "xpath",
   "value": "//*[@id='mG61Hd']/div[2]/div/div[2]/div[2]/div/div/div[2]/div/div[1]/div[2]/textarea"
}
[1721913952.880][INFO]: Waiting for pending navigations...
[1721913952.881][INFO]: Done waiting for pending navigations. Status: ok
[1721913952.909][INFO]: Waiting for pending navigations...
[1721913952.911][INFO]: Done waiting for pending navigations. Status: ok
[1721913952.912][INFO]: [e22f25c505e1737c21728b16efd67106] RESPONSE FindElement {
   "element-6066-11e4-a52e-4f735466cecf": "f.D69CC569C3E1D13D9D0FC62352882116.d.2BCBE44AB56B0F59EFA6FAD2E8A08901.e.9"
}
[1721913952.923][INFO]: [e22f25c505e1737c21728b16efd67106] COMMAND TypeElement {
   "id": "f.D69CC569C3E1D13D9D0FC62352882116.d.2BCBE44AB56B0F59EFA6FAD2E8A08901.e.9",
   "text": "I want to be the best QA Engineer! 1721913952",
   "value": [ "I", " ", "w", "a", "n", "t", " ", "t", "o", " ", "b", "e", " ", "t", "h", "e", " ", "b", "e", "s", "t", " ", "Q", "A", " ", "E", "n", "g", "i", "n", "e", "e", "r", "!", " ", "1", "7", "2", "1", "9", "1", "3", "9", "5", "2" ]
}
[1721913952.923][INFO]: Waiting for pending navigations...
[1721913952.924][INFO]: Done waiting for pending navigations. Status: ok
[1721913953.271][INFO]: Waiting for pending navigations...
[1721913953.370][INFO]: Done waiting for pending navigations. Status: ok
[1721913953.370][INFO]: [e22f25c505e1737c21728b16efd67106] RESPONSE TypeElement
[1721913953.378][INFO]: [e22f25c505e1737c21728b16efd67106] COMMAND ExecuteScript {
   "args": [  ],
   "script": "window.scrollBy(0,300);"
}
[1721913953.378][INFO]: Waiting for pending navigations...
[1721913953.380][INFO]: Done waiting for pending navigations. Status: ok
[1721913953.392][INFO]: Waiting for pending navigations...
[1721913953.396][INFO]: Done waiting for pending navigations. Status: ok
[1721913953.396][INFO]: [e22f25c505e1737c21728b16efd67106] RESPONSE ExecuteScript null
[1721913953.408][INFO]: [e22f25c505e1737c21728b16efd67106] COMMAND FindElements {
   "using": "xpath",
   "value": "//span[@class='aDTYNe snByac OvPDhc OIC90c']"
}
[1721913953.408][INFO]: Waiting for pending navigations...
[1721913953.409][INFO]: Done waiting for pending navigations. Status: ok
[1721913953.435][INFO]: Waiting for pending navigations...
[1721913953.438][INFO]: Done waiting for pending navigations. Status: ok
[1721913953.438][INFO]: [e22f25c505e1737c21728b16efd67106] RESPONSE FindElements [ {
   "element-6066-11e4-a52e-4f735466cecf": "f.D69CC569C3E1D13D9D0FC62352882116.d.2BCBE44AB56B0F59EFA6FAD2E8A08901.e.24"
}, {
   "element-6066-11e4-a52e-4f735466cecf": "f.D69CC569C3E1D13D9D0FC62352882116.d.2BCBE44AB56B0F59EFA6FAD2E8A08901.e.25"
}, {
   "element-6066-11e4-a52e-4f735466cecf": "f.D69CC569C3E1D13D9D0FC62352882116.d.2BCBE44AB56B0F59EFA6FAD2E8A08901.e.26"
}, {
   "element-6066-11e4-a52e-4f735466cecf": "f.D69CC569C3E1D13D9D0FC62352882116.d.2BCBE44AB56B0F59EFA6FAD2E8A08901.e.27"
} ]
[1721913953.445][INFO]: [e22f25c505e1737c21728b16efd67106] COMMAND GetElementText {
   "id": "f.D69CC569C3E1D13D9D0FC62352882116.d.2BCBE44AB56B0F59EFA6FAD2E8A08901.e.24"
}
[1721913953.445][INFO]: Waiting for pending navigations...
[1721913953.447][INFO]: Done waiting for pending navigations. Status: ok
[1721913953.473][INFO]: Waiting for pending navigations...
[1721913953.506][INFO]: Done waiting for pending navigations. Status: ok
[1721913953.506][INFO]: [e22f25c505e1737c21728b16efd67106] RESPONSE GetElementText "0 - 2"
[1721913953.512][INFO]: [e22f25c505e1737c21728b16efd67106] COMMAND GetElementText {
   "id": "f.D69CC569C3E1D13D9D0FC62352882116.d.2BCBE44AB56B0F59EFA6FAD2E8A08901.e.25"
}
[1721913953.512][INFO]: Waiting for pending navigations...
[1721913953.519][INFO]: Done waiting for pending navigations. Status: ok
[1721913953.539][INFO]: Waiting for pending navigations...
[1721913953.544][INFO]: Done waiting for pending navigations. Status: ok
[1721913953.544][INFO]: [e22f25c505e1737c21728b16efd67106] RESPONSE GetElementText "3 - 5"
[1721913953.549][INFO]: [e22f25c505e1737c21728b16efd67106] COMMAND GetElementText {
   "id": "f.D69CC569C3E1D13D9D0FC62352882116.d.2BCBE44AB56B0F59EFA6FAD2E8A08901.e.26"
}
[1721913953.550][INFO]: Waiting for pending navigations...
[1721913953.551][INFO]: Done waiting for pending navigations. Status: ok
[1721913953.569][INFO]: Waiting for pending navigations...
[1721913953.570][INFO]: Done waiting for pending navigations. Status: ok
[1721913953.570][INFO]: [e22f25c505e1737c21728b16efd67106] RESPONSE GetElementText "6 - 10"
[1721913953.579][INFO]: [e22f25c505e1737c21728b16efd67106] COMMAND FindChildElement {
   "id": "f.D69CC569C3E1D13D9D0FC62352882116.d.2BCBE44AB56B0F59EFA6FAD2E8A08901.e.26",
   "using": "xpath",
   "value": "./ancestor::div[@class='YEVVod']//parent::div[@class='bzfPab wFGF8']//div[@role='radio']"
}
[1721913953.579][INFO]: Waiting for pending navigations...
[1721913953.582][INFO]: Done waiting for pending navigations. Status: ok
[1721913953.607][INFO]: Waiting for pending navigations...
[1721913953.608][INFO]: Done waiting for pending navigations. Status: ok
[1721913953.608][INFO]: [e22f25c505e1737c21728b16efd67106] RESPONSE FindChildElement {
   "element-6066-11e4-a52e-4f735466cecf": "f.D69CC569C3E1D13D9D0FC62352882116.d.2BCBE44AB56B0F59EFA6FAD2E8A08901.e.28"
}
[1721913953.613][INFO]: [e22f25c505e1737c21728b16efd67106] COMMAND ClickElement {
   "id": "f.D69CC569C3E1D13D9D0FC62352882116.d.2BCBE44AB56B0F59EFA6FAD2E8A08901.e.28"
}
[1721913953.614][INFO]: Waiting for pending navigations...
[1721913953.615][INFO]: Done waiting for pending navigations. Status: ok
[1721913953.718][INFO]: Waiting for pending navigations...
[1721913953.760][INFO]: Done waiting for pending navigations. Status: ok
[1721913953.760][INFO]: [e22f25c505e1737c21728b16efd67106] RESPONSE ClickElement
[1721913953.766][INFO]: [e22f25c505e1737c21728b16efd67106] COMMAND GetElementText {
   "id": "f.D69CC569C3E1D13D9D0FC62352882116.d.2BCBE44AB56B0F59EFA6FAD2E8A08901.e.27"
}
[1721913953.767][INFO]: Waiting for pending navigations...
[1721913953.778][INFO]: Done waiting for pending navigations. Status: ok
[1721913953.793][INFO]: Waiting for pending navigations...
[1721913953.794][INFO]: Done waiting for pending navigations. Status: ok
[1721913953.795][INFO]: [e22f25c505e1737c21728b16efd67106] RESPONSE GetElementText "> 10"
[1721913953.801][INFO]: [e22f25c505e1737c21728b16efd67106] COMMAND FindElements {
   "using": "xpath",
   "value": "//div[@class='eBFwI']//span[@class='aDTYNe snByac n5vBHf OIC90c']"
}
[1721913953.801][INFO]: Waiting for pending navigations...
[1721913953.803][INFO]: Done waiting for pending navigations. Status: ok
[1721913953.824][INFO]: Waiting for pending navigations...
[1721913953.826][INFO]: Done waiting for pending navigations. Status: ok
[1721913953.826][INFO]: [e22f25c505e1737c21728b16efd67106] RESPONSE FindElements [ {
   "element-6066-11e4-a52e-4f735466cecf": "f.D69CC569C3E1D13D9D0FC62352882116.d.2BCBE44AB56B0F59EFA6FAD2E8A08901.e.29"
}, {
   "element-6066-11e4-a52e-4f735466cecf": "f.D69CC569C3E1D13D9D0FC62352882116.d.2BCBE44AB56B0F59EFA6FAD2E8A08901.e.30"
}, {
   "element-6066-11e4-a52e-4f735466cecf": "f.D69CC569C3E1D13D9D0FC62352882116.d.2BCBE44AB56B0F59EFA6FAD2E8A08901.e.31"
}, {
   "element-6066-11e4-a52e-4f735466cecf": "f.D69CC569C3E1D13D9D0FC62352882116.d.2BCBE44AB56B0F59EFA6FAD2E8A08901.e.32"
} ]
[1721913953.831][INFO]: [e22f25c505e1737c21728b16efd67106] COMMAND GetElementText {
   "id": "f.D69CC569C3E1D13D9D0FC62352882116.d.2BCBE44AB56B0F59EFA6FAD2E8A08901.e.29"
}
[1721913953.831][INFO]: Waiting for pending navigations...
[1721913953.832][INFO]: Done waiting for pending navigations. Status: ok
[1721913953.864][INFO]: Waiting for pending navigations...
[1721913953.899][INFO]: Done waiting for pending navigations. Status: ok
[1721913953.899][INFO]: [e22f25c505e1737c21728b16efd67106] RESPONSE GetElementText "Java"
[1721913953.905][INFO]: [e22f25c505e1737c21728b16efd67106] COMMAND GetElementText {
   "id": "f.D69CC569C3E1D13D9D0FC62352882116.d.2BCBE44AB56B0F59EFA6FAD2E8A08901.e.29"
}
[1721913953.905][INFO]: Waiting for pending navigations...
[1721913953.908][INFO]: Done waiting for pending navigations. Status: ok
[1721913953.930][INFO]: Waiting for pending navigations...
[1721913953.931][INFO]: Done waiting for pending navigations. Status: ok
[1721913953.931][INFO]: [e22f25c505e1737c21728b16efd67106] RESPONSE GetElementText "Java"
[1721913953.938][INFO]: [e22f25c505e1737c21728b16efd67106] COMMAND FindChildElement {
   "id": "f.D69CC569C3E1D13D9D0FC62352882116.d.2BCBE44AB56B0F59EFA6FAD2E8A08901.e.29",
   "using": "xpath",
   "value": "./ancestor::div[@class='YEVVod']/parent::div[@class='bzfPab wFGF8']//div[@role='checkbox']"
}
[1721913953.938][INFO]: Waiting for pending navigations...
[1721913953.940][INFO]: Done waiting for pending navigations. Status: ok
[1721913953.958][INFO]: Waiting for pending navigations...
[1721913953.959][INFO]: Done waiting for pending navigations. Status: ok
[1721913953.959][INFO]: [e22f25c505e1737c21728b16efd67106] RESPONSE FindChildElement {
   "element-6066-11e4-a52e-4f735466cecf": "f.D69CC569C3E1D13D9D0FC62352882116.d.2BCBE44AB56B0F59EFA6FAD2E8A08901.e.33"
}
[1721913953.964][INFO]: [e22f25c505e1737c21728b16efd67106] COMMAND ClickElement {
   "id": "f.D69CC569C3E1D13D9D0FC62352882116.d.2BCBE44AB56B0F59EFA6FAD2E8A08901.e.33"
}
[1721913953.964][INFO]: Waiting for pending navigations...
[1721913953.970][INFO]: Done waiting for pending navigations. Status: ok
[1721913954.073][INFO]: Waiting for pending navigations...
[1721913954.078][INFO]: Done waiting for pending navigations. Status: ok
[1721913954.078][INFO]: [e22f25c505e1737c21728b16efd67106] RESPONSE ClickElement
[1721913954.083][INFO]: [e22f25c505e1737c21728b16efd67106] COMMAND GetElementText {
   "id": "f.D69CC569C3E1D13D9D0FC62352882116.d.2BCBE44AB56B0F59EFA6FAD2E8A08901.e.30"
}
[1721913954.083][INFO]: Waiting for pending navigations...
[1721913954.086][INFO]: Done waiting for pending navigations. Status: ok
[1721913954.099][INFO]: Waiting for pending navigations...
[1721913954.102][INFO]: Done waiting for pending navigations. Status: ok
[1721913954.102][INFO]: [e22f25c505e1737c21728b16efd67106] RESPONSE GetElementText "Selenium"
[1721913954.108][INFO]: [e22f25c505e1737c21728b16efd67106] COMMAND FindChildElement {
   "id": "f.D69CC569C3E1D13D9D0FC62352882116.d.2BCBE44AB56B0F59EFA6FAD2E8A08901.e.30",
   "using": "xpath",
   "value": "./ancestor::div[@class='YEVVod']/parent::div[@class='bzfPab wFGF8']//div[@role='checkbox']"
}
[1721913954.108][INFO]: Waiting for pending navigations...
[1721913954.109][INFO]: Done waiting for pending navigations. Status: ok
[1721913954.121][INFO]: Waiting for pending navigations...
[1721913954.122][INFO]: Done waiting for pending navigations. Status: ok
[1721913954.122][INFO]: [e22f25c505e1737c21728b16efd67106] RESPONSE FindChildElement {
   "element-6066-11e4-a52e-4f735466cecf": "f.D69CC569C3E1D13D9D0FC62352882116.d.2BCBE44AB56B0F59EFA6FAD2E8A08901.e.34"
}
[1721913954.128][INFO]: [e22f25c505e1737c21728b16efd67106] COMMAND ClickElement {
   "id": "f.D69CC569C3E1D13D9D0FC62352882116.d.2BCBE44AB56B0F59EFA6FAD2E8A08901.e.34"
}
[1721913954.128][INFO]: Waiting for pending navigations...
[1721913954.129][INFO]: Done waiting for pending navigations. Status: ok
[1721913954.196][INFO]: Waiting for pending navigations...
[1721913954.197][INFO]: Done waiting for pending navigations. Status: ok
[1721913954.198][INFO]: [e22f25c505e1737c21728b16efd67106] RESPONSE ClickElement
[1721913954.204][INFO]: [e22f25c505e1737c21728b16efd67106] COMMAND GetElementText {
   "id": "f.D69CC569C3E1D13D9D0FC62352882116.d.2BCBE44AB56B0F59EFA6FAD2E8A08901.e.31"
}
[1721913954.204][INFO]: Waiting for pending navigations...
[1721913954.205][INFO]: Done waiting for pending navigations. Status: ok
[1721913954.220][INFO]: Waiting for pending navigations...
[1721913954.223][INFO]: Done waiting for pending navigations. Status: ok
[1721913954.223][INFO]: [e22f25c505e1737c21728b16efd67106] RESPONSE GetElementText "Springboot"
[1721913954.227][INFO]: [e22f25c505e1737c21728b16efd67106] COMMAND GetElementText {
   "id": "f.D69CC569C3E1D13D9D0FC62352882116.d.2BCBE44AB56B0F59EFA6FAD2E8A08901.e.31"
}
[1721913954.227][INFO]: Waiting for pending navigations...
[1721913954.229][INFO]: Done waiting for pending navigations. Status: ok
[1721913954.244][INFO]: Waiting for pending navigations...
[1721913954.245][INFO]: Done waiting for pending navigations. Status: ok
[1721913954.245][INFO]: [e22f25c505e1737c21728b16efd67106] RESPONSE GetElementText "Springboot"
[1721913954.251][INFO]: [e22f25c505e1737c21728b16efd67106] COMMAND GetElementText {
   "id": "f.D69CC569C3E1D13D9D0FC62352882116.d.2BCBE44AB56B0F59EFA6FAD2E8A08901.e.31"
}
[1721913954.251][INFO]: Waiting for pending navigations...
[1721913954.253][INFO]: Done waiting for pending navigations. Status: ok
[1721913954.266][INFO]: Waiting for pending navigations...
[1721913954.271][INFO]: Done waiting for pending navigations. Status: ok
[1721913954.271][INFO]: [e22f25c505e1737c21728b16efd67106] RESPONSE GetElementText "Springboot"
[1721913954.275][INFO]: [e22f25c505e1737c21728b16efd67106] COMMAND GetElementText {
   "id": "f.D69CC569C3E1D13D9D0FC62352882116.d.2BCBE44AB56B0F59EFA6FAD2E8A08901.e.32"
}
[1721913954.276][INFO]: Waiting for pending navigations...
[1721913954.277][INFO]: Done waiting for pending navigations. Status: ok
[1721913954.289][INFO]: Waiting for pending navigations...
[1721913954.290][INFO]: Done waiting for pending navigations. Status: ok
[1721913954.290][INFO]: [e22f25c505e1737c21728b16efd67106] RESPONSE GetElementText "TestNG"
[1721913954.294][INFO]: [e22f25c505e1737c21728b16efd67106] COMMAND GetElementText {
   "id": "f.D69CC569C3E1D13D9D0FC62352882116.d.2BCBE44AB56B0F59EFA6FAD2E8A08901.e.32"
}
[1721913954.294][INFO]: Waiting for pending navigations...
[1721913954.296][INFO]: Done waiting for pending navigations. Status: ok
[1721913954.307][INFO]: Waiting for pending navigations...
[1721913954.309][INFO]: Done waiting for pending navigations. Status: ok
[1721913954.309][INFO]: [e22f25c505e1737c21728b16efd67106] RESPONSE GetElementText "TestNG"
[1721913954.313][INFO]: [e22f25c505e1737c21728b16efd67106] COMMAND GetElementText {
   "id": "f.D69CC569C3E1D13D9D0FC62352882116.d.2BCBE44AB56B0F59EFA6FAD2E8A08901.e.32"
}
[1721913954.313][INFO]: Waiting for pending navigations...
[1721913954.314][INFO]: Done waiting for pending navigations. Status: ok
[1721913954.327][INFO]: Waiting for pending navigations...
[1721913954.329][INFO]: Done waiting for pending navigations. Status: ok
[1721913954.329][INFO]: [e22f25c505e1737c21728b16efd67106] RESPONSE GetElementText "TestNG"
[1721913954.334][INFO]: [e22f25c505e1737c21728b16efd67106] COMMAND FindChildElement {
   "id": "f.D69CC569C3E1D13D9D0FC62352882116.d.2BCBE44AB56B0F59EFA6FAD2E8A08901.e.32",
   "using": "xpath",
   "value": "./ancestor::div[@class='YEVVod']/parent::div[@class='bzfPab wFGF8']//div[@role='checkbox']"
}
[1721913954.334][INFO]: Waiting for pending navigations...
[1721913954.336][INFO]: Done waiting for pending navigations. Status: ok
[1721913954.347][INFO]: Waiting for pending navigations...
[1721913954.348][INFO]: Done waiting for pending navigations. Status: ok
[1721913954.348][INFO]: [e22f25c505e1737c21728b16efd67106] RESPONSE FindChildElement {
   "element-6066-11e4-a52e-4f735466cecf": "f.D69CC569C3E1D13D9D0FC62352882116.d.2BCBE44AB56B0F59EFA6FAD2E8A08901.e.36"
}
[1721913954.354][INFO]: [e22f25c505e1737c21728b16efd67106] COMMAND ClickElement {
   "id": "f.D69CC569C3E1D13D9D0FC62352882116.d.2BCBE44AB56B0F59EFA6FAD2E8A08901.e.36"
}
[1721913954.354][INFO]: Waiting for pending navigations...
[1721913954.355][INFO]: Done waiting for pending navigations. Status: ok
[1721913954.452][INFO]: Waiting for pending navigations...
[1721913954.459][INFO]: Done waiting for pending navigations. Status: ok
[1721913954.459][INFO]: [e22f25c505e1737c21728b16efd67106] RESPONSE ClickElement
[1721913954.464][INFO]: [e22f25c505e1737c21728b16efd67106] COMMAND FindElement {
   "using": "xpath",
   "value": "//span[@class='vRMGwf oJeWuf' and text()='Choose']"
}
[1721913954.464][INFO]: Waiting for pending navigations...
[1721913954.466][INFO]: Done waiting for pending navigations. Status: ok
[1721913954.485][INFO]: Waiting for pending navigations...
[1721913954.487][INFO]: Done waiting for pending navigations. Status: ok
[1721913954.487][INFO]: [e22f25c505e1737c21728b16efd67106] RESPONSE FindElement {
   "element-6066-11e4-a52e-4f735466cecf": "f.D69CC569C3E1D13D9D0FC62352882116.d.2BCBE44AB56B0F59EFA6FAD2E8A08901.e.37"
}
[1721913954.492][INFO]: [e22f25c505e1737c21728b16efd67106] COMMAND ClickElement {
   "id": "f.D69CC569C3E1D13D9D0FC62352882116.d.2BCBE44AB56B0F59EFA6FAD2E8A08901.e.37"
}
[1721913954.492][INFO]: Waiting for pending navigations...
[1721913954.493][INFO]: Done waiting for pending navigations. Status: ok
[1721913954.558][INFO]: Waiting for pending navigations...
[1721913954.559][INFO]: Done waiting for pending navigations. Status: ok
[1721913954.559][INFO]: [e22f25c505e1737c21728b16efd67106] RESPONSE ClickElement
[1721913954.564][INFO]: [e22f25c505e1737c21728b16efd67106] COMMAND FindElements {
   "using": "xpath",
   "value": "//div[contains(@class,'OA0qNb ncFHed QXL7Te')]//div//span[normalize-space(text())]"
}
[1721913954.564][INFO]: Waiting for pending navigations...
[1721913954.565][INFO]: Done waiting for pending navigations. Status: ok
[1721913954.915][INFO]: Waiting for pending navigations...
[1721913954.917][INFO]: Done waiting for pending navigations. Status: ok
[1721913954.917][INFO]: [e22f25c505e1737c21728b16efd67106] RESPONSE FindElements [ {
   "element-6066-11e4-a52e-4f735466cecf": "f.D69CC569C3E1D13D9D0FC62352882116.d.2BCBE44AB56B0F59EFA6FAD2E8A08901.e.39"
}, {
   "element-6066-11e4-a52e-4f735466cecf": "f.D69CC569C3E1D13D9D0FC62352882116.d.2BCBE44AB56B0F59EFA6FAD2E8A08901.e.40"
}, {
   "element-6066-11e4-a52e-4f735466cecf": "f.D69CC569C3E1D13D9D0FC62352882116.d.2BCBE44AB56B0F59EFA6FAD2E8A08901.e.41"
}, {
   "element-6066-11e4-a52e-4f735466cecf": "f.D69CC569C3E1D13D9D0FC62352882116.d.2BCBE44AB56B0F59EFA6FAD2E8A08901.e.42"
}, {
   "element-6066-11e4-a52e-4f735466cecf": "f.D69CC569C3E1D13D9D0FC62352882116.d.2BCBE44AB56B0F59EFA6FAD2E8A08901.e.43"
}, {
   "element-6066-11e4-a52e-4f735466cecf": "f.D69CC569C3E1D13D9D0FC62352882116.d.2BCBE44AB56B0F59EFA6FAD2E8A08901.e.44"
} ]
[1721913954.923][INFO]: [e22f25c505e1737c21728b16efd67106] COMMAND GetElementText {
   "id": "f.D69CC569C3E1D13D9D0FC62352882116.d.2BCBE44AB56B0F59EFA6FAD2E8A08901.e.39"
}
[1721913954.923][INFO]: Waiting for pending navigations...
[1721913954.924][INFO]: Done waiting for pending navigations. Status: ok
[1721913954.936][INFO]: Waiting for pending navigations...
[1721913954.937][INFO]: Done waiting for pending navigations. Status: ok
[1721913954.937][INFO]: [e22f25c505e1737c21728b16efd67106] RESPONSE GetElementText ""
[1721913954.942][INFO]: [e22f25c505e1737c21728b16efd67106] COMMAND GetElementText {
   "id": "f.D69CC569C3E1D13D9D0FC62352882116.d.2BCBE44AB56B0F59EFA6FAD2E8A08901.e.40"
}
[1721913954.942][INFO]: Waiting for pending navigations...
[1721913954.943][INFO]: Done waiting for pending navigations. Status: ok
[1721913954.954][INFO]: Waiting for pending navigations...
[1721913954.955][INFO]: Done waiting for pending navigations. Status: ok
[1721913954.956][INFO]: [e22f25c505e1737c21728b16efd67106] RESPONSE GetElementText "Mr"
[1721913954.960][INFO]: [e22f25c505e1737c21728b16efd67106] COMMAND GetElementText {
   "id": "f.D69CC569C3E1D13D9D0FC62352882116.d.2BCBE44AB56B0F59EFA6FAD2E8A08901.e.41"
}
[1721913954.960][INFO]: Waiting for pending navigations...
[1721913954.961][INFO]: Done waiting for pending navigations. Status: ok
[1721913954.973][INFO]: Waiting for pending navigations...
[1721913954.974][INFO]: Done waiting for pending navigations. Status: ok
[1721913954.974][INFO]: [e22f25c505e1737c21728b16efd67106] RESPONSE GetElementText "Ms"
[1721913954.979][INFO]: [e22f25c505e1737c21728b16efd67106] COMMAND GetElementText {
   "id": "f.D69CC569C3E1D13D9D0FC62352882116.d.2BCBE44AB56B0F59EFA6FAD2E8A08901.e.42"
}
[1721913954.979][INFO]: Waiting for pending navigations...
[1721913954.980][INFO]: Done waiting for pending navigations. Status: ok
[1721913954.992][INFO]: Waiting for pending navigations...
[1721913954.993][INFO]: Done waiting for pending navigations. Status: ok
[1721913954.993][INFO]: [e22f25c505e1737c21728b16efd67106] RESPONSE GetElementText "Mrs"
[1721913954.998][INFO]: [e22f25c505e1737c21728b16efd67106] COMMAND ClickElement {
   "id": "f.D69CC569C3E1D13D9D0FC62352882116.d.2BCBE44AB56B0F59EFA6FAD2E8A08901.e.42"
}
[1721913954.999][INFO]: Waiting for pending navigations...
[1721913955.000][INFO]: Done waiting for pending navigations. Status: ok
[1721913955.070][INFO]: Waiting for pending navigations...
[1721913955.071][INFO]: Done waiting for pending navigations. Status: ok
[1721913955.071][INFO]: [e22f25c505e1737c21728b16efd67106] RESPONSE ClickElement
[1721913955.078][INFO]: [e22f25c505e1737c21728b16efd67106] COMMAND GetElementText {
   "id": "f.D69CC569C3E1D13D9D0FC62352882116.d.2BCBE44AB56B0F59EFA6FAD2E8A08901.e.43"
}
[1721913955.078][INFO]: Waiting for pending navigations...
[1721913955.082][INFO]: Done waiting for pending navigations. Status: ok
[1721913955.096][INFO]: Waiting for pending navigations...
[1721913955.097][INFO]: Done waiting for pending navigations. Status: ok
[1721913955.097][INFO]: [e22f25c505e1737c21728b16efd67106] RESPONSE GetElementText "Dr"
[1721913955.102][INFO]: [e22f25c505e1737c21728b16efd67106] COMMAND GetElementText {
   "id": "f.D69CC569C3E1D13D9D0FC62352882116.d.2BCBE44AB56B0F59EFA6FAD2E8A08901.e.44"
}
[1721913955.102][INFO]: Waiting for pending navigations...
[1721913955.103][INFO]: Done waiting for pending navigations. Status: ok
[1721913955.114][INFO]: Waiting for pending navigations...
[1721913955.115][INFO]: Done waiting for pending navigations. Status: ok
[1721913955.116][INFO]: [e22f25c505e1737c21728b16efd67106] RESPONSE GetElementText "Rather not say"
[1721913955.124][INFO]: [e22f25c505e1737c21728b16efd67106] COMMAND ExecuteScript {
   "args": [  ],
   "script": "window.scrollBy(0,300);"
}
[1721913955.124][INFO]: Waiting for pending navigations...
[1721913955.126][INFO]: Done waiting for pending navigations. Status: ok
[1721913955.132][INFO]: Waiting for pending navigations...
[1721913955.135][INFO]: Done waiting for pending navigations. Status: ok
[1721913955.135][INFO]: [e22f25c505e1737c21728b16efd67106] RESPONSE ExecuteScript null
[1721913955.143][INFO]: [e22f25c505e1737c21728b16efd67106] COMMAND FindElement {
   "using": "xpath",
   "value": "//div[@class='aXBtI Wic03c' and 'Xb9hP']//input[@type='date']"
}
[1721913955.143][INFO]: Waiting for pending navigations...
[1721913955.145][INFO]: Done waiting for pending navigations. Status: ok
[1721913955.161][INFO]: Waiting for pending navigations...
[1721913955.163][INFO]: Done waiting for pending navigations. Status: ok
[1721913955.163][INFO]: [e22f25c505e1737c21728b16efd67106] RESPONSE FindElement {
   "element-6066-11e4-a52e-4f735466cecf": "f.D69CC569C3E1D13D9D0FC62352882116.d.2BCBE44AB56B0F59EFA6FAD2E8A08901.e.47"
}
[1721913955.170][INFO]: [e22f25c505e1737c21728b16efd67106] COMMAND TypeElement {
   "id": "f.D69CC569C3E1D13D9D0FC62352882116.d.2BCBE44AB56B0F59EFA6FAD2E8A08901.e.47",
   "text": "18-07-2024",
   "value": [ "1", "8", "-", "0", "7", "-", "2", "0", "2", "4" ]
}
[1721913955.170][INFO]: Waiting for pending navigations...
[1721913955.172][INFO]: Done waiting for pending navigations. Status: ok
[1721913955.294][INFO]: Waiting for pending navigations...
[1721913955.297][INFO]: Done waiting for pending navigations. Status: ok
[1721913955.298][INFO]: [e22f25c505e1737c21728b16efd67106] RESPONSE TypeElement
[1721913955.304][INFO]: [e22f25c505e1737c21728b16efd67106] COMMAND ExecuteScript {
   "args": [  ],
   "script": "window.scrollBy(0,300);"
}
[1721913955.304][INFO]: Waiting for pending navigations...
[1721913955.306][INFO]: Done waiting for pending navigations. Status: ok
[1721913955.310][INFO]: Waiting for pending navigations...
[1721913955.311][INFO]: Done waiting for pending navigations. Status: ok
[1721913955.312][INFO]: [e22f25c505e1737c21728b16efd67106] RESPONSE ExecuteScript null
[1721913955.317][INFO]: [e22f25c505e1737c21728b16efd67106] COMMAND FindElement {
   "using": "xpath",
   "value": "(//div[@class='aXBtI Wic03c']//input[@type='text'])[2]"
}
[1721913955.317][INFO]: Waiting for pending navigations...
[1721913955.319][INFO]: Done waiting for pending navigations. Status: ok
[1721913955.337][INFO]: Waiting for pending navigations...
[1721913955.338][INFO]: Done waiting for pending navigations. Status: ok
[1721913955.338][INFO]: [e22f25c505e1737c21728b16efd67106] RESPONSE FindElement {
   "element-6066-11e4-a52e-4f735466cecf": "f.D69CC569C3E1D13D9D0FC62352882116.d.2BCBE44AB56B0F59EFA6FAD2E8A08901.e.10"
}
[1721913955.343][INFO]: [e22f25c505e1737c21728b16efd67106] COMMAND TypeElement {
   "id": "f.D69CC569C3E1D13D9D0FC62352882116.d.2BCBE44AB56B0F59EFA6FAD2E8A08901.e.10",
   "text": "18",
   "value": [ "1", "8" ]
}
[1721913955.343][INFO]: Waiting for pending navigations...
[1721913955.345][INFO]: Done waiting for pending navigations. Status: ok
[1721913955.444][INFO]: Waiting for pending navigations...
[1721913955.446][INFO]: Done waiting for pending navigations. Status: ok
[1721913955.447][INFO]: [e22f25c505e1737c21728b16efd67106] RESPONSE TypeElement
[1721913955.452][INFO]: [e22f25c505e1737c21728b16efd67106] COMMAND FindElement {
   "using": "xpath",
   "value": "(//div[@class='aXBtI Wic03c']//input[@type='text'])[3]"
}
[1721913955.452][INFO]: Waiting for pending navigations...
[1721913955.459][INFO]: Done waiting for pending navigations. Status: ok
[1721913955.477][INFO]: Waiting for pending navigations...
[1721913955.479][INFO]: Done waiting for pending navigations. Status: ok
[1721913955.479][INFO]: [e22f25c505e1737c21728b16efd67106] RESPONSE FindElement {
   "element-6066-11e4-a52e-4f735466cecf": "f.D69CC569C3E1D13D9D0FC62352882116.d.2BCBE44AB56B0F59EFA6FAD2E8A08901.e.11"
}
[1721913955.485][INFO]: [e22f25c505e1737c21728b16efd67106] COMMAND TypeElement {
   "id": "f.D69CC569C3E1D13D9D0FC62352882116.d.2BCBE44AB56B0F59EFA6FAD2E8A08901.e.11",
   "text": "55",
   "value": [ "5", "5" ]
}
[1721913955.485][INFO]: Waiting for pending navigations...
[1721913955.486][INFO]: Done waiting for pending navigations. Status: ok
[1721913955.595][INFO]: Waiting for pending navigations...
[1721913955.600][INFO]: Done waiting for pending navigations. Status: ok
[1721913955.600][INFO]: [e22f25c505e1737c21728b16efd67106] RESPONSE TypeElement
[1721913955.605][INFO]: [e22f25c505e1737c21728b16efd67106] COMMAND FindElement {
   "using": "xpath",
   "value": "//span[text()='Submit']"
}
[1721913955.606][INFO]: Waiting for pending navigations...
[1721913955.607][INFO]: Done waiting for pending navigations. Status: ok
[1721913955.624][INFO]: Waiting for pending navigations...
[1721913955.626][INFO]: Done waiting for pending navigations. Status: ok
[1721913955.626][INFO]: [e22f25c505e1737c21728b16efd67106] RESPONSE FindElement {
   "element-6066-11e4-a52e-4f735466cecf": "f.D69CC569C3E1D13D9D0FC62352882116.d.2BCBE44AB56B0F59EFA6FAD2E8A08901.e.72"
}
[1721913955.631][INFO]: [e22f25c505e1737c21728b16efd67106] COMMAND ClickElement {
   "id": "f.D69CC569C3E1D13D9D0FC62352882116.d.2BCBE44AB56B0F59EFA6FAD2E8A08901.e.72"
}
[1721913955.631][INFO]: Waiting for pending navigations...
[1721913955.632][INFO]: Done waiting for pending navigations. Status: ok
[1721913955.712][INFO]: Waiting for pending navigations...
[1721913956.476][INFO]: Done waiting for pending navigations. Status: ok
[1721913956.476][INFO]: [e22f25c505e1737c21728b16efd67106] RESPONSE ClickElement
[1721913956.481][INFO]: [e22f25c505e1737c21728b16efd67106] COMMAND FindElement {
   "using": "xpath",
   "value": "//div[@class='vHW8K' and text()='Thanks for your response, Automation Wizard!']"
}
[1721913956.481][INFO]: Waiting for pending navigations...
[1721913956.482][INFO]: Done waiting for pending navigations. Status: ok
[1721913956.504][INFO]: Waiting for pending navigations...
[1721913956.619][INFO]: Done waiting for pending navigations. Status: ok
[1721913956.619][INFO]: [e22f25c505e1737c21728b16efd67106] RESPONSE FindElement {
   "element-6066-11e4-a52e-4f735466cecf": "f.D69CC569C3E1D13D9D0FC62352882116.d.D6916F817A2F7E4F68F169A9340DE0DE.e.78"
}
[1721913956.624][INFO]: [e22f25c505e1737c21728b16efd67106] COMMAND GetElementText {
   "id": "f.D69CC569C3E1D13D9D0FC62352882116.d.D6916F817A2F7E4F68F169A9340DE0DE.e.78"
}
[1721913956.624][INFO]: Waiting for pending navigations...
[1721913956.625][INFO]: Done waiting for pending navigations. Status: ok
[1721913956.639][INFO]: Waiting for pending navigations...
[1721913956.640][INFO]: Done waiting for pending navigations. Status: ok
[1721913956.640][INFO]: [e22f25c505e1737c21728b16efd67106] RESPONSE GetElementText "Thanks for your response, Automation Wizard!"
[1721913956.662][INFO]: [e22f25c505e1737c21728b16efd67106] COMMAND Quit {
}
[1721913956.862][INFO]: [e22f25c505e1737c21728b16efd67106] RESPONSE Quit
